"../../../Engine/Content/Maps/Templates/Thumbnails/Default.uasset" 0
"../../../Engine/Content/Maps/Templates/Thumbnails/VR-Basic.uasset" 1
"../../../Engine/Content/MobileResources/T_MobileControls_texture.uasset" 2
"../../../Engine/Content/MobileResources/T_MobileMenu2.uasset" 3
"../../../Engine/Content/MobileResources/HUD/MobileHUDDirectionPad3.uasset" 4
"../../../Engine/Content/MobileResources/HUD/MobileHUDButton2_off.uasset" 5
"../../../Engine/Content/MobileResources/HUD/MobileHUDButton3.uasset" 6
"../../../Engine/Content/MobileResources/HUD/T_Castle_ThumbstickInner.uasset" 7
"../../../Engine/Content/MobileResources/HUD/MobileHUDDirectionStick.uasset" 8
"../../../Engine/Content/MobileResources/HUD/VirtualJoystick_Background.uasset" 9
"../../../Engine/Content/MobileResources/HUD/VirtualJoystick_Thumb.uasset" 10
"../../../Engine/Content/MobileResources/HUD/DefaultVirtualJoysticks.uasset" 11
"../../../Engine/Content/MobileResources/HUD/T_Castle_ThumbstickOutter.uasset" 12
"../../../Engine/Content/MobileResources/HUD/MobileHUDButton2_on.uasset" 13
"../../../Engine/Content/MobileResources/HUD/MobileHUDDirectionPad2.uasset" 14
"../../../Engine/Content/MobileResources/HUD/MobileHUDDirectionPad.uasset" 15
"../../../Engine/Content/MobileResources/HUD/AnalogHat.uasset" 16
"../../../Engine/Content/MobileResources/HUD/MobileHUDButton1_on.uasset" 17
"../../../Engine/Content/MobileResources/HUD/MobileHUDButtonFire.uasset" 18
"../../../Engine/Content/MobileResources/HUD/LeftVirtualJoystickOnly.uasset" 19
"../../../Engine/Content/MobileResources/HUD/MobileHUDButton1_off.uasset" 20
"../../../Engine/Content/Tutorial/ContentIntroCurve.uasset" 21
"../../../Engine/Content/Tutorial/Basics/TutorialAssets/icon_tab_Levels_40x.uasset" 22
"../../../Engine/Content/Tutorial/Basics/LevelEditorOverview.uasset" 23
"../../../Engine/Content/Tutorial/Basics/LevelEditorAttract.uasset" 24
"../../../Engine/Content/Tutorial/BlueprintTutorials/TutorialAssets/Blueprint_64x.uasset" 25
"../../../Engine/Content/Tutorial/BlueprintTutorials/BlueprintEditorTutorial.uasset" 26
"../../../Engine/Content/EngineResources/DefaultTextureCube.uasset" 27
"../../../Engine/Content/EngineResources/DefaultTexture.uasset" 28
"../../../Engine/Content/EngineResources/Black.uasset" 29
"../../../Engine/Content/EngineResources/DefaultVolumeTexture2D.uasset" 30
"../../../Engine/Content/EngineResources/DefaultVolumeTexture.uasset" 31
"../../../Engine/Content/EngineResources/StreamingPauseIcon.uasset" 32
"../../../Engine/Content/EngineResources/M_StreamingPause.uasset" 33
"../../../Engine/Content/EngineResources/GradientTexture0.uasset" 34
"../../../Engine/Content/EditorLandscapeResources/DataLayer.uasset" 35
"../../../Engine/Content/EditorLandscapeResources/LandscapeGizmo_Mat.uasset" 36
"../../../Engine/Content/EditorLandscapeResources/LandscapeGizmo_Mat_Copied.uasset" 37
"../../../Engine/Content/EditorLandscapeResources/SplineEditorMeshMat.uasset" 38
"../../../Engine/Content/EditorLandscapeResources/SplineEditorMesh.uasset" 39
"../../../Engine/Content/EditorLandscapeResources/LandscapeGizmoHeight_Mat.uasset" 40
"../../../Engine/Content/EditorLandscapeResources/DefaultAlphaTexture.uasset" 41
"../../../Engine/Content/EditorSounds/Notifications/CompileSuccess.uasset" 42
"../../../Engine/Content/EditorSounds/Notifications/CompileSuccess_Cue.uasset" 43
"../../../Engine/Content/EditorSounds/Notifications/CompileFailed.uasset" 44
"../../../Engine/Content/EditorSounds/Notifications/CompileFailed_Cue.uasset" 45
"../../../Engine/Content/EditorSounds/Notifications/CompileStart_Cue.uasset" 46
"../../../Engine/Content/EditorMeshes/EditorCube.uasset" 47
"../../../Engine/Content/EditorMeshes/EditorPlane.uasset" 48
"../../../Engine/Content/EditorResources/MatineeCam_D.uasset" 49
"../../../Engine/Content/EditorMaterials/MatineeCam_mat.uasset" 50
"../../../Engine/Content/EditorMeshes/MatineeCam_SM.uasset" 51
"../../../Engine/Content/EditorMeshes/EditorCylinder.uasset" 52
"../../../Engine/Content/EditorMaterials/Thumbnails/SkySphereMaterial.uasset" 53
"../../../Engine/Content/EditorMeshes/EditorSkySphere.uasset" 54
"../../../Engine/Content/Functions/Engine_MaterialFunctions01/Opacity/CameraDepthFade.uasset" 55
"../../../Engine/Content/EngineMaterials/T_Default_Material_Grid_M.uasset" 56
"../../../Engine/Content/EngineMaterials/T_Default_Material_Grid_N.uasset" 57
"../../../Engine/Content/EngineMaterials/WorldGridMaterial.uasset" 58
"../../../Engine/Content/EditorMeshes/PlanarReflectionPlane.uasset" 59
"../../../Engine/Content/EditorMeshes/EditorSphere.uasset" 60
"../../../Engine/Content/EditorMaterials/Camera/CineMat.uasset" 61
"../../../Engine/Content/EditorMaterials/Camera/MI_CineMat_Rig.uasset" 62
"../../../Engine/Content/EditorMeshes/Camera/SM_CraneRig_Body.uasset" 63
"../../../Engine/Content/EditorMeshes/Camera/SM_RailRig_Mount.uasset" 64
"../../../Engine/Content/EditorMaterials/Camera/MI_CineMat_CameraBody.uasset" 65
"../../../Engine/Content/EngineDebugMaterials/M_SimpleOpaque.uasset" 66
"../../../Engine/Content/EditorMaterials/Camera/MI_CineMat_CamViewFinder.uasset" 67
"../../../Engine/Content/EditorMeshes/Camera/SM_CineCam.uasset" 68
"../../../Engine/Content/EditorMeshes/Camera/SM_CraneRig_Base.uasset" 69
"../../../Engine/Content/EditorMeshes/Camera/SM_CraneRig_Mount.uasset" 70
"../../../Engine/Content/EditorMeshes/Camera/SM_CraneRig_Arm.uasset" 71
"../../../Engine/Content/EditorMeshes/Camera/SM_RailRig_Track.uasset" 72
"../../../Engine/Content/EditorMeshes/ColorCalibrator/M_ChromeBall.uasset" 73
"../../../Engine/Content/EngineFonts/Faces/RobotoTiny.uasset" 74
"../../../Engine/Content/EngineFonts/RobotoTiny.uasset" 75
"../../../Engine/Content/EngineFonts/SmallFont.uasset" 76
"../../../Engine/Content/EngineFonts/Faces/RobotoBold.uasset" 77
"../../../Engine/Content/EngineFonts/Faces/RobotoBoldItalic.uasset" 78
"../../../Engine/Content/EngineFonts/Faces/RobotoItalic.uasset" 79
"../../../Engine/Content/EngineFonts/Faces/RobotoLight.uasset" 80
"../../../Engine/Content/EngineFonts/Faces/RobotoRegular.uasset" 81
"../../../Engine/Content/EngineFonts/Roboto.uasset" 82
"../../../Engine/Content/EngineFonts/TinyFont.uasset" 83
"../../../Engine/Content/EngineDamageTypes/DmgTypeBP_Environmental.uasset" 84
"../../../Engine/Content/ArtTools/RenderToTexture/Meshes/S_1_Unit_Plane.uasset" 85
"../../../Engine/Content/Animation/DefaultAnimCurveCompressionSettings.uasset" 86
"../../../Engine/Content/EngineResources/WhiteSquareTexture.uasset" 87
"../../../Engine/Content/EngineMaterials/Widget3DPassThrough.uasset" 88
"../../../Engine/Content/EngineMaterials/Widget3DPassThrough_Masked.uasset" 89
"../../../Engine/Content/EngineMaterials/WeightMapPlaceholderTexture.uasset" 90
"../../../Engine/Content/EngineMaterials/Widget3DPassThrough_Translucent.uasset" 91
"../../../Engine/Content/EngineMaterials/Widget3DPassThrough_Translucent_OneSided.uasset" 92
"../../../Engine/Content/EngineMaterials/PaperDiffuse.uasset" 93
"../../../Engine/Content/EngineMaterials/BlinkingCaret.uasset" 94
"../../../Engine/Content/EngineMaterials/EditorBrushMaterial.uasset" 95
"../../../Engine/Content/EngineMaterials/PaperNormal.uasset" 96
"../../../Engine/Content/Functions/Engine_MaterialFunctions02/WorldPositionOffset/CameraOffset.uasset" 97
"../../../Engine/Content/EngineMaterials/PhAT_JointLimitMaterial.uasset" 98
"../../../Engine/Content/EngineMaterials/DefaultNormal.uasset" 99
"../../../Engine/Content/Functions/Engine_MaterialFunctions02/Utility/BreakOutFloat2Components.uasset" 100
"../../../Engine/Content/EngineMaterials/HighResScreenshotCaptureRegion.uasset" 101
"../../../Engine/Content/EngineMaterials/LandscapeHolePhysicalMaterial.uasset" 102
"../../../Engine/Content/EngineMaterials/BlueNoise.uasset" 103
"../../../Engine/Content/EngineMaterials/DefaultWhiteGrid_Low.uasset" 104
"../../../Engine/Content/EngineMaterials/EmissiveMeshMaterial.uasset" 105
"../../../Engine/Content/EngineMaterials/Widget3DPassThrough_Opaque.uasset" 106
"../../../Engine/Content/EngineMaterials/Widget3DPassThrough_Masked_OneSided.uasset" 107
"../../../Engine/Content/EngineMaterials/Good64x64TilingNoiseHighFreq.uasset" 108
"../../../Engine/Content/EngineMaterials/DefaultBloomKernel.uasset" 109
"../../../Engine/Content/EngineMaterials/HighResolutionScreenshotMaskFunction.uasset" 110
"../../../Engine/Content/EngineMaterials/HighResScreenshot.uasset" 111
"../../../Engine/Content/EngineMaterials/RemoveSurfaceMaterial.uasset" 112
"../../../Engine/Content/EngineMaterials/DefaultDiffuse.uasset" 113
"../../../Engine/Content/EngineMaterials/DefaultDeferredDecalMaterial.uasset" 114
"../../../Engine/Content/EngineMaterials/DefaultPostProcessMaterial.uasset" 115
"../../../Engine/Content/EngineMaterials/BaseFlattenDiffuseMap.uasset" 116
"../../../Engine/Content/EngineMaterials/BaseFlattenEmissiveMap.uasset" 117
"../../../Engine/Content/EngineMaterials/BaseFlattenGrayscaleMap.uasset" 118
"../../../Engine/Content/EngineMaterials/BaseFlattenNormalMap.uasset" 119
"../../../Engine/Content/EngineMaterials/BaseFlattenMaterial.uasset" 120
"../../../Engine/Content/EngineMaterials/InvalidLightmapSettings.uasset" 121
"../../../Engine/Content/EngineMaterials/M_InvalidLightmapSettings.uasset" 122
"../../../Engine/Content/EngineMaterials/HighResScreenshotMask.uasset" 123
"../../../Engine/Content/EngineFonts/RobotoDistanceField.uasset" 124
"../../../Engine/Content/EngineMaterials/DefaultTextMaterialOpaque.uasset" 125
"../../../Engine/Content/EngineMaterials/PreintegratedSkinBRDF.uasset" 126
"../../../Engine/Content/EngineMaterials/DefaultVirtualTextureMaterial.uasset" 127
"../../../Engine/Content/EngineMaterials/Widget3DPassThrough_Opaque_OneSided.uasset" 128
"../../../Engine/Content/EngineMaterials/PhysMat_Rubber.uasset" 129
"../../../Engine/Content/EngineMaterials/DefaultBokeh.uasset" 130
"../../../Engine/Content/EngineMaterials/DefaultLightFunctionMaterial.uasset" 131
"../../../Engine/Content/EngineMaterials/Grid_N.uasset" 132
"../../../Engine/Content/EngineDebugMaterials/DebugEditorMaterial.uasset" 133
"../../../Engine/Content/Functions/Engine_MaterialFunctions01/Shading/ConvertFromDiffSpec.uasset" 134
"../../../Engine/Content/EngineDebugMaterials/VertexColorMaterial.uasset" 135
"../../../Engine/Content/EngineDebugMaterials/GeomMaterial.uasset" 136
"../../../Engine/Content/EngineDebugMaterials/WireframeMaterial.uasset" 137
"../../../Engine/Content/EngineDebugMaterials/HeatmapGradient.uasset" 138
"../../../Engine/Content/EngineDebugMaterials/BoneWeightMaterial.uasset" 139
"../../../Engine/Content/Functions/Engine_MaterialFunctions02/Utility/CameraDirectionVector.uasset" 140
"../../../Engine/Content/EngineDebugMaterials/VolumeToRender.uasset" 141
"../../../Engine/Content/EngineDebugMaterials/M_VolumeRenderSphereTracePP.uasset" 142
"../../../Engine/Content/EngineDebugMaterials/VertexColorViewMode_BlueOnly.uasset" 143
"../../../Engine/Content/EngineDebugMaterials/LevelColorationLitMaterial.uasset" 144
"../../../Engine/Content/EngineDebugMaterials/VertexColorViewMode_AlphaAsColor.uasset" 145
"../../../Engine/Content/EngineDebugMaterials/VertexColorViewMode_RedOnly.uasset" 146
"../../../Engine/Content/EngineDebugMaterials/ShadedLevelColorationUnlitMateri.uasset" 147
"../../../Engine/Content/EngineDebugMaterials/ClothMaterial.uasset" 148
"../../../Engine/Content/EngineDebugMaterials/ClothMaterial_WF.uasset" 149
"../../../Engine/Content/EngineDebugMaterials/VertexColorViewMode_GreenOnly.uasset" 150
"../../../Engine/Content/EngineMaterials/DefaultWhiteGrid.uasset" 151
"../../../Engine/Content/EngineDebugMaterials/MAT_LevelColorationLitLightmapUV.uasset" 152
"../../../Engine/Content/EngineDebugMaterials/DebugMeshMaterial.uasset" 153
"../../../Engine/Content/EngineDebugMaterials/VertexColorViewMode_ColorOnly.uasset" 154
"../../../Engine/Content/EngineDebugMaterials/M_SimpleTranslucent.uasset" 155
"../../../Engine/Content/EngineDebugMaterials/LevelColorationUnlitMaterial.uasset" 156
"../../../Engine/Content/EngineDebugMaterials/ShadedLevelColorationLitMaterial.uasset" 157
"../../../Engine/Content/EditorResources/S_Emitter.uasset" 158
"../../../Engine/Content/EditorResources/S_LevelSequence.uasset" 159
"../../../Engine/Content/EditorResources/S_Thruster.uasset" 160
"../../../Engine/Content/EditorResources/S_WindDirectional.uasset" 161
"../../../Engine/Content/EditorResources/S_KBSJoint.uasset" 162
"../../../Engine/Content/EditorResources/S_ReflActorIcon.uasset" 163
"../../../Engine/Content/EditorResources/Bad.uasset" 164
"../../../Engine/Content/EditorResources/S_DecalActorIcon.uasset" 165
"../../../Engine/Content/EditorResources/SmallFont.uasset" 166
"../../../Engine/Content/EditorResources/S_Player.uasset" 167
"../../../Engine/Content/EditorResources/S_KPrismatic.uasset" 168
"../../../Engine/Content/EditorResources/S_Note.uasset" 169
"../../../Engine/Content/EditorResources/S_VectorFieldVol.uasset" 170
"../../../Engine/Content/EditorResources/S_Solver.uasset" 171
"../../../Engine/Content/EditorResources/S_NavP.uasset" 172
"../../../Engine/Content/EditorResources/S_KHinge.uasset" 173
"../../../Engine/Content/EditorResources/S_ExpoHeightFog.uasset" 174
"../../../Engine/Content/EditorResources/S_FTest.uasset" 175
"../../../Engine/Content/EditorResources/S_PortalActorIcon2.uasset" 176
"../../../Engine/Content/EditorResources/SceneManager.uasset" 177
"../../../Engine/Content/EditorResources/S_TextRenderActorIcon.uasset" 178
"../../../Engine/Content/EditorResources/S_RadForce.uasset" 179
"../../../Engine/Content/EditorResources/S_Terrain.uasset" 180
"../../../Engine/Content/EditorResources/S_Trigger.uasset" 181
"../../../Engine/Content/EditorResources/S_Actor.uasset" 182
"../../../Engine/Content/EditorResources/EmptyActor.uasset" 183
"../../../Engine/Content/EditorResources/BSPVertex.uasset" 184
"../../../Engine/Content/EditorResources/MatInstActSprite.uasset" 185
"../../../Engine/Content/EditorResources/SequenceRecorder/Countdown.uasset" 186
"../../../Engine/Content/EditorResources/SequenceRecorder/RecordingIndicator.uasset" 187
"../../../Engine/Content/EditorResources/AI/S_NavLink.uasset" 188
"../../../Engine/Content/EditorResources/Spline/T_Loft_Spline.uasset" 189
"../../../Engine/Content/EditorResources/LightIcons/S_LightError.uasset" 190
"../../../Engine/Content/EditorResources/LightIcons/S_LightSpot.uasset" 191
"../../../Engine/Content/EditorResources/LightIcons/S_LightSpotMove.uasset" 192
"../../../Engine/Content/EditorResources/LightIcons/SkyLight.uasset" 193
"../../../Engine/Content/EditorResources/LightIcons/S_LightPoint.uasset" 194
"../../../Engine/Content/EditorResources/LightIcons/S_LightPointMove.uasset" 195
"../../../Engine/Content/EditorResources/LightIcons/S_LightDirectional.uasset" 196
"../../../Engine/Content/EditorResources/LightIcons/S_LightDirectionalMove.uasset" 197
"../../../Engine/Content/EngineMaterials/DefaultMaterial.uasset" 198
"../../../Engine/Content/BasicShapes/Cone.uasset" 199
"../../../Engine/Content/BasicShapes/Cube.uasset" 200
"../../../Engine/Content/BasicShapes/Cylinder.uasset" 201
"../../../Engine/Content/BasicShapes/Plane.uasset" 202
"../../../Engine/Content/BasicShapes/BasicShapeMaterial.uasset" 203
"../../../Engine/Content/BasicShapes/Sphere.uasset" 204
"../../../Engine/Content/Functions/Engine_MaterialFunctions01/Texturing/ScaleUVsByCenter.uasset" 205
"../../../Engine/Content/Functions/Engine_MaterialFunctions02/ScreenResolution.uasset" 206
"../../../Engine/Content/Functions/Engine_MaterialFunctions02/Texturing/ScreenAlignedUVs.uasset" 207
"../../../Engine/Content/Functions/Engine_MaterialFunctions02/Utility/MakeFloat2.uasset" 208
"../../../Engine/Content/Functions/Engine_MaterialFunctions02/Utility/MakeFloat3.uasset" 209
"../../../Engine/Content/EngineMaterials/MiniFont.uasset" 210
"../../../Engine/Content/BufferVisualization/CustomStencil.uasset" 211
"../../../Engine/Content/BufferVisualization/LightingModel.uasset" 212
"../../../Engine/Content/BufferVisualization/SubsurfaceColor.uasset" 213
"../../../Engine/Content/BufferVisualization/WorldNormal.uasset" 214
"../../../Engine/Content/Functions/Engine_MaterialFunctions02/Utility/VectorLength.uasset" 215
"../../../Engine/Content/BufferVisualization/SceneDepthWorldUnits.uasset" 216
"../../../Engine/Content/BufferVisualization/Opacity.uasset" 217
"../../../Engine/Content/BufferVisualization/SeparateTranslucencyRGB.uasset" 218
"../../../Engine/Content/BufferVisualization/BaseColor.uasset" 219
"../../../Engine/Content/BufferVisualization/Metallic.uasset" 220
"../../../Engine/Content/BufferVisualization/Velocity.uasset" 221
"../../../Engine/Content/BufferVisualization/MaterialAO.uasset" 222
"../../../Engine/Content/BufferVisualization/SeparateTranslucencyA.uasset" 223
"../../../Engine/Content/BufferVisualization/SceneDepth.uasset" 224
"../../../Engine/Content/BufferVisualization/Specular.uasset" 225
"../../../Engine/Content/BufferVisualization/PostTonemapHDRColor.uasset" 226
"../../../Engine/Content/BufferVisualization/SceneColor.uasset" 227
"../../../Engine/Content/BufferVisualization/PreTonemapHDRColor.uasset" 228
"../../../Engine/Content/BufferVisualization/FinalImage.uasset" 229
"../../../Engine/Content/EngineMaterials/DefaultPhysicalMaterial.uasset" 230
"../../../Engine/Content/BufferVisualization/AmbientOcclusion.uasset" 231
"../../../Engine/Content/BufferVisualization/CustomDepth.uasset" 232
"../../../Engine/Content/BufferVisualization/Roughness.uasset" 233
"../../../Engine/Content/BufferVisualization/CustomDepthWorldUnits.uasset" 234
"../../../Engine/Content/Functions/Engine_MaterialFunctions01/Shading/PowerToRoughness.uasset" 235
"../../../Engine/Content/EditorMaterials/Tick.uasset" 236
"../../../Engine/Content/EditorMaterials/Tick_Mat.uasset" 237
"../../../Engine/Content/EditorMaterials/WidgetMaterial_X.uasset" 238
"../../../Engine/Content/EditorMaterials/WidgetMaterial_Z.uasset" 239
"../../../Engine/Content/EditorMaterials/PreviewShadowIndicator.uasset" 240
"../../../Engine/Content/EditorMaterials/PreviewShadowIndicatorMaterial.uasset" 241
"../../../Engine/Content/EditorMaterials/GizmoMaterial.uasset" 242
"../../../Engine/Content/EditorMaterials/WidgetMaterial.uasset" 243
"../../../Engine/Content/EditorMaterials/PhAT_NoCollisionMaterial.uasset" 244
"../../../Engine/Content/EditorMaterials/PhAT_BoneSelectedMaterial.uasset" 245
"../../../Engine/Content/EditorMaterials/Cross.uasset" 246
"../../../Engine/Content/EditorMaterials/Cross_Mat.uasset" 247
"../../../Engine/Content/Functions/Engine_MaterialFunctions02/ExampleContent/Textures/flipbook.uasset" 248
"../../../Engine/Content/Functions/Engine_MaterialFunctions02/Texturing/FlipBook.uasset" 249
"../../../Engine/Content/Functions/Engine_MaterialFunctions02/Utility/Sign.uasset" 250
"../../../Engine/Content/Functions/Engine_MaterialFunctions02/Utility/Round.uasset" 251
"../../../Engine/Content/EditorResources/T_EditorHelp.uasset" 252
"../../../Engine/Content/EditorMaterials/HelpActorMaterial.uasset" 253
"../../../Engine/Content/EditorMaterials/WidgetMaterial_Y.uasset" 254
"../../../Engine/Content/EditorMaterials/TargetIcon.uasset" 255
"../../../Engine/Content/EditorMaterials/WidgetVertexColorMaterial.uasset" 256
"../../../Engine/Content/EditorMaterials/WidgetMaterial_Current.uasset" 257
"../../../Engine/Content/EditorMaterials/CompositeARGBLayer.uasset" 258
"../../../Engine/Content/EditorMaterials/TilingAALineIntegral.uasset" 259
"../../../Engine/Content/EditorMaterials/TilingAALineBoxFiltered.uasset" 260
"../../../Engine/Content/Functions/Engine_MaterialFunctions03/Procedurals/ComputeFilterWidth.uasset" 261
"../../../Engine/Content/EditorMaterials/TilingAADots.uasset" 262
"../../../Engine/Content/EngineMaterials/BlendFunc_DefBase.uasset" 263
"../../../Engine/Content/EngineMaterials/BlendFunc_DefBlend.uasset" 264
"../../../Engine/Content/Functions/Engine_MaterialFunctions03/Blends/Blend_Screen.uasset" 265
"../../../Engine/Content/EditorMaterials/TilingAAGrid.uasset" 266
"../../../Engine/Content/EditorMaterials/LevelGridMaterial.uasset" 267
"../../../Engine/Content/EditorMaterials/MAT_Groups_Toggle.uasset" 268
"../../../Engine/Content/EditorMaterials/PhAT_ElemSelectedMaterial.uasset" 269
"../../../Engine/Content/EditorMaterials/WidgetGridVertexColorMaterial.uasset" 270
"../../../Engine/Content/EditorMaterials/WidgetGridVertexColorMaterial_Ma.uasset" 271
"../../../Engine/Content/EditorMaterials/PhAT_UnselectedMaterial.uasset" 272
"../../../Engine/Content/EditorMaterials/MAT_Groups_Visibility.uasset" 273
"../../../Engine/Content/EditorMaterials/ParticleSystems/PSysThumbnail_NoImage.uasset" 274
"../../../Engine/Content/EditorMaterials/ParticleSystems/PSysThumbnail_OOD.uasset" 275
"../../../Engine/Content/EditorMaterials/MatineeGroups/MAT_Groups_Vector.uasset" 276
"../../../Engine/Content/EditorMaterials/MatineeGroups/MAT_ColorTrack.uasset" 277
"../../../Engine/Content/EditorMaterials/MatineeGroups/MAT_Groups_AudioMaster.uasset" 278
"../../../Engine/Content/EditorMaterials/MatineeGroups/MAT_Groups_Sound.uasset" 279
"../../../Engine/Content/EditorMaterials/MatineeGroups/MAT_Groups_Float.uasset" 280
"../../../Engine/Content/EditorMaterials/MatineeGroups/MAT_Groups_Director.uasset" 281
"../../../Engine/Content/EditorMaterials/MatineeGroups/MAT_Groups_Move.uasset" 282
"../../../Engine/Content/EditorMaterials/MatineeGroups/MAT_Groups_Event.uasset" 283
"../../../Engine/Content/EditorMaterials/MatineeGroups/MAT_Groups_Fade.uasset" 284
"../../../Engine/Content/EditorMaterials/MatineeGroups/MAT_Groups_Anim.uasset" 285
"../../../Engine/Content/EditorMaterials/MatineeGroups/MAT_Groups_Slomo.uasset" 286
"../../../Engine/Content/EngineMaterials/Grid.uasset" 287
"../../../Engine/Content/EditorMaterials/Thumbnails/FloorPlaneMaterial.uasset" 288
"../../../Engine/Content/EngineSounds/Master.uasset" 289
"../../../Engine/Content/EngineMeshes/Cylinder.uasset" 290
"../../../Engine/Content/EngineMeshes/Sphere.uasset" 291
"../../../Engine/Content/VREditor/LaserPointer/VR_LaserPower_01.uasset" 292
"../../../Engine/Content/VREditor/TransformGizmo/TransformGizmoMaterial.uasset" 293
"../../../Engine/Content/VREditor/TransformGizmo/TranslucentTransformGizmoMaterial.uasset" 294
"../../../Engine/Content/VREditor/TransformGizmo/PlaneTranslationHandle.uasset" 295
"../../../Engine/Content/VREditor/TransformGizmo/Main.uasset" 296
"../../../Engine/Content/VREditor/TransformGizmo/Xray.uasset" 297
"../../../Engine/Content/VREditor/TransformGizmo/SM_Sequencer_Key.uasset" 298
"../../../Engine/Content/VREditor/TransformGizmo/BoundingBoxCorner.uasset" 299
"../../../Engine/Content/VREditor/TransformGizmo/SM_Sequencer_Node.uasset" 300
"../../../Engine/Content/VREditor/TransformGizmo/BoundingBoxEdge.uasset" 301
"../../../Engine/Content/MapTemplates/Sky/DaylightAmbientCubemap.uasset" 302
"../../Plugins/2D/Paper2D/Content/DefaultSpriteMaterial.uasset" 303
"../../Plugins/2D/Paper2D/Content/OpaqueUnlitSpriteMaterial.uasset" 304
"../../Plugins/2D/Paper2D/Content/PlaceholderTextures/DummySpriteTexture.uasset" 305
"../../Plugins/2D/Paper2D/Content/DummySprite.uasset" 306
"../../Plugins/2D/Paper2D/Content/DefaultPaperTerrainMaterial.uasset" 307
"../../Plugins/2D/Paper2D/Content/MaskedUnlitSpriteMaterial.uasset" 308
"../../../Engine/Content/Maps/Entry_BuiltData.uasset" 309
"../../../Engine/Content/Maps/Entry.umap" 310
"../../../../../Documents/Unreal Projects/LightsOut/Content/FirstPerson/Character/Mesh/SK_Mannequin_Arms_Skeleton.uasset" 311
"../../../../../Documents/Unreal Projects/LightsOut/Content/FirstPerson/Animations/FirstPerson_Fire.uasset" 312
"../../../../../Documents/Unreal Projects/LightsOut/Content/FirstPerson/Animations/FirstPersonFire_Montage.uasset" 313
"../../../Engine/Content/EditorBlueprintResources/StandardMacros.uasset" 314
"../../../../../Documents/Unreal Projects/LightsOut/Content/Materials/M_Key.uasset" 315
"../../../../../Documents/Unreal Projects/LightsOut/Content/Materials/M_BlueKey.uasset" 316
"../../../../../Documents/Unreal Projects/LightsOut/Content/Materials/M_GreenKey.uasset" 317
"../../../../../Documents/Unreal Projects/LightsOut/Content/Materials/M_RedKey.uasset" 318
"../../../../../Documents/Unreal Projects/LightsOut/Content/Blueprints/E_KeyType.uasset" 319
"../../../../../Documents/Unreal Projects/LightsOut/Content/StarterContent/Props/MaterialSphere.uasset" 320
"../../../../../Documents/Unreal Projects/LightsOut/Content/Blueprints/BP_Key.uasset" 321
"../../../../../Documents/Unreal Projects/LightsOut/Content/FirstPerson/Meshes/BaseMaterial.uasset" 322
"../../../../../Documents/Unreal Projects/LightsOut/Content/FirstPerson/Meshes/FirstPersonProjectileMaterial.uasset" 323
"../../../../../Documents/Unreal Projects/LightsOut/Content/FirstPerson/Meshes/FirstPersonProjectileMesh.uasset" 324
"../../../../../Documents/Unreal Projects/LightsOut/Content/FirstPersonBP/Blueprints/FirstPersonProjectile.uasset" 325
"../../../../../Documents/Unreal Projects/LightsOut/Content/MeltingCandlesPack/Blueprint/E_LightType.uasset" 326
"../../../../../Documents/Unreal Projects/LightsOut/Content/MeltingCandlesPack/Blueprint/BP_Lights.uasset" 327
"../../../../../Documents/Unreal Projects/LightsOut/Content/MeltingCandlesPack/Blueprint/BP_Lights_Movable.uasset" 328
"../../../../../Documents/Unreal Projects/LightsOut/Content/MeltingCandlesPack/Blueprint/BP_Lights_stacionary.uasset" 329
"../../../../../Documents/Unreal Projects/LightsOut/Content/MeltingCandlesPack/Textures/T_Flame.uasset" 330
"../../../../../Documents/Unreal Projects/LightsOut/Content/MeltingCandlesPack/Materials/M_P_CandleFlame.uasset" 331
"../../../../../Documents/Unreal Projects/LightsOut/Content/MeltingCandlesPack/Materials/MI_P_CandleFlame_Inst.uasset" 332
"../../../../../Documents/Unreal Projects/LightsOut/Content/MeltingCandlesPack/Textures/T_Smoke.uasset" 333
"../../../../../Documents/Unreal Projects/LightsOut/Content/MeltingCandlesPack/Textures/T_wave.uasset" 334
"../../../../../Documents/Unreal Projects/LightsOut/Content/MeltingCandlesPack/Materials/M_Smoke_Mat.uasset" 335
"../../../../../Documents/Unreal Projects/LightsOut/Content/MeltingCandlesPack/Materials/MI_Smoke_Mat_Inst.uasset" 336
"../../../Engine/Content/Functions/Engine_MaterialFunctions01/Texturing/FlattenNormal.uasset" 337
"../../../../../Documents/Unreal Projects/LightsOut/Content/MeltingCandlesPack/Textures/T_candlesWickMask.uasset" 338
"../../../../../Documents/Unreal Projects/LightsOut/Content/MeltingCandlesPack/Textures/T_wax_Normal.uasset" 339
"../../../../../Documents/Unreal Projects/LightsOut/Content/MeltingCandlesPack/Textures/T_wax_Roughness.uasset" 340
"../../../../../Documents/Unreal Projects/LightsOut/Content/MeltingCandlesPack/Materials/M_WaxMaster.uasset" 341
"../../../../../Documents/Unreal Projects/LightsOut/Content/MeltingCandlesPack/Mesh/SM_Candles_Cadndle10_1.uasset" 342
"../../../../../Documents/Unreal Projects/LightsOut/Content/MeltingCandlesPack/Mesh/SM_Candles_Cadndle10_2.uasset" 343
"../../../../../Documents/Unreal Projects/LightsOut/Content/MeltingCandlesPack/Mesh/SM_Candles_Cadndle10_3.uasset" 344
"../../../Engine/Content/Functions/Engine_MaterialFunctions02/Fresnel_Function.uasset" 345
"../../../Engine/Content/Functions/Engine_MaterialFunctions02/HueShift.uasset" 346
"../../../../../Documents/Unreal Projects/LightsOut/Content/MeltingCandlesPack/Materials/M_Glass.uasset" 347
"../../../../../Documents/Unreal Projects/LightsOut/Content/MeltingCandlesPack/Mesh/SM_Candles_Candle11_1.uasset" 348
"../../../../../Documents/Unreal Projects/LightsOut/Content/MeltingCandlesPack/Mesh/SM_Candles_Candle11_2.uasset" 349
"../../../../../Documents/Unreal Projects/LightsOut/Content/MeltingCandlesPack/Mesh/SM_Candles_Candle11_3.uasset" 350
"../../../../../Documents/Unreal Projects/LightsOut/Content/MeltingCandlesPack/Materials/M_TeaLight.uasset" 351
"../../../../../Documents/Unreal Projects/LightsOut/Content/MeltingCandlesPack/Mesh/SM_Candles_Candle12_1.uasset" 352
"../../../../../Documents/Unreal Projects/LightsOut/Content/MeltingCandlesPack/Mesh/SM_Candles_Candle12_2.uasset" 353
"../../../../../Documents/Unreal Projects/LightsOut/Content/MeltingCandlesPack/Mesh/SM_Candles_Candle12_3.uasset" 354
"../../../../../Documents/Unreal Projects/LightsOut/Content/MeltingCandlesPack/Materials/M_Plastic.uasset" 355
"../../../../../Documents/Unreal Projects/LightsOut/Content/MeltingCandlesPack/Mesh/SM_Candles_Candle13_1.uasset" 356
"../../../../../Documents/Unreal Projects/LightsOut/Content/MeltingCandlesPack/Mesh/SM_Candles_Candle13_2.uasset" 357
"../../../../../Documents/Unreal Projects/LightsOut/Content/MeltingCandlesPack/Mesh/SM_Candles_Candle13_3.uasset" 358
"../../../../../Documents/Unreal Projects/LightsOut/Content/MeltingCandlesPack/Mesh/SM_Candles_Candle14_1.uasset" 359
"../../../../../Documents/Unreal Projects/LightsOut/Content/MeltingCandlesPack/Mesh/SM_Candles_Candle14_2.uasset" 360
"../../../../../Documents/Unreal Projects/LightsOut/Content/MeltingCandlesPack/Mesh/SM_Candles_Candle14_3.uasset" 361
"../../../../../Documents/Unreal Projects/LightsOut/Content/MeltingCandlesPack/Mesh/SM_Candles_candle1_1.uasset" 362
"../../../../../Documents/Unreal Projects/LightsOut/Content/MeltingCandlesPack/Mesh/SM_Candles_candle1_2.uasset" 363
"../../../../../Documents/Unreal Projects/LightsOut/Content/MeltingCandlesPack/Mesh/SM_Candles_candle1_3.uasset" 364
"../../../../../Documents/Unreal Projects/LightsOut/Content/MeltingCandlesPack/Mesh/SM_Candles_candle2_1.uasset" 365
"../../../../../Documents/Unreal Projects/LightsOut/Content/MeltingCandlesPack/Mesh/SM_Candles_candle2_2.uasset" 366
"../../../../../Documents/Unreal Projects/LightsOut/Content/MeltingCandlesPack/Mesh/SM_Candles_candle2_3.uasset" 367
"../../../../../Documents/Unreal Projects/LightsOut/Content/MeltingCandlesPack/Mesh/SM_Candles_Candle3_1.uasset" 368
"../../../../../Documents/Unreal Projects/LightsOut/Content/MeltingCandlesPack/Mesh/SM_Candles_Candle3_2.uasset" 369
"../../../../../Documents/Unreal Projects/LightsOut/Content/MeltingCandlesPack/Mesh/SM_Candles_Candle3_3.uasset" 370
"../../../../../Documents/Unreal Projects/LightsOut/Content/MeltingCandlesPack/Mesh/SM_Candles_Candle4_1.uasset" 371
"../../../../../Documents/Unreal Projects/LightsOut/Content/MeltingCandlesPack/Mesh/SM_Candles_Candle4_2.uasset" 372
"../../../../../Documents/Unreal Projects/LightsOut/Content/MeltingCandlesPack/Mesh/SM_Candles_Candle4_3.uasset" 373
"../../../../../Documents/Unreal Projects/LightsOut/Content/MeltingCandlesPack/Mesh/SM_Candles_Candle5_1.uasset" 374
"../../../../../Documents/Unreal Projects/LightsOut/Content/MeltingCandlesPack/Mesh/SM_Candles_Candle5_2.uasset" 375
"../../../../../Documents/Unreal Projects/LightsOut/Content/MeltingCandlesPack/Mesh/SM_Candles_Candle5_3.uasset" 376
"../../../../../Documents/Unreal Projects/LightsOut/Content/MeltingCandlesPack/Mesh/SM_Candles_Candle6_1.uasset" 377
"../../../../../Documents/Unreal Projects/LightsOut/Content/MeltingCandlesPack/Mesh/SM_Candles_Candle6_2.uasset" 378
"../../../../../Documents/Unreal Projects/LightsOut/Content/MeltingCandlesPack/Mesh/SM_Candles_Candle6_3.uasset" 379
"../../../../../Documents/Unreal Projects/LightsOut/Content/MeltingCandlesPack/Mesh/SM_Candles_Candle7_1.uasset" 380
"../../../../../Documents/Unreal Projects/LightsOut/Content/MeltingCandlesPack/Mesh/SM_Candles_Candle7_2.uasset" 381
"../../../../../Documents/Unreal Projects/LightsOut/Content/MeltingCandlesPack/Mesh/SM_Candles_Candle7_3.uasset" 382
"../../../../../Documents/Unreal Projects/LightsOut/Content/MeltingCandlesPack/Mesh/SM_Candles_Candle8_1.uasset" 383
"../../../../../Documents/Unreal Projects/LightsOut/Content/MeltingCandlesPack/Mesh/SM_Candles_Candle8_2.uasset" 384
"../../../../../Documents/Unreal Projects/LightsOut/Content/MeltingCandlesPack/Mesh/SM_Candles_Candle8_3.uasset" 385
"../../../../../Documents/Unreal Projects/LightsOut/Content/MeltingCandlesPack/Mesh/SM_Candles_Candle9_1.uasset" 386
"../../../../../Documents/Unreal Projects/LightsOut/Content/MeltingCandlesPack/Mesh/SM_Candles_Candle9_2.uasset" 387
"../../../../../Documents/Unreal Projects/LightsOut/Content/MeltingCandlesPack/Mesh/SM_Candles_Candle9_3.uasset" 388
"../../../../../Documents/Unreal Projects/LightsOut/Content/MeltingCandlesPack/Mesh/SM_Smoke.uasset" 389
"../../../../../Documents/Unreal Projects/LightsOut/Content/MeltingCandlesPack/Particle/P_CandleFlame.uasset" 390
"../../../../../Documents/Unreal Projects/LightsOut/Content/MeltingCandlesPack/Blueprint/BP_Candle.uasset" 391
"../../../Engine/Content/Functions/Engine_MaterialFunctions01/Texturing/ComputeMipLevel.uasset" 392
"../../../Engine/Content/Functions/Engine_MaterialFunctions01/Texturing/DetailTexturing.uasset" 393
"../../../Engine/Content/Functions/Engine_MaterialFunctions01/Texturing/TextureCropping.uasset" 394
"../../../Engine/Content/Functions/Engine_MaterialFunctions02/ExampleContent/Gradient.uasset" 395
"../../../Engine/Content/Functions/Engine_MaterialFunctions02/ExampleContent/Greyscale.uasset" 396
"../../../Engine/Content/Functions/Engine_MaterialFunctions02/Gradients/GradientMap_Multi.uasset" 397
"../../../Engine/Content/Functions/Engine_MaterialFunctions02/Math/TimeWithSpeedVariable.uasset" 398
"../../../Engine/Content/Functions/Engine_MaterialFunctions02/PassThrough.uasset" 399
"../../../Engine/Content/Functions/Engine_MaterialFunctions02/SafeNormalize.uasset" 400
"../../../Engine/Content/Functions/Engine_MaterialFunctions02/Utility/BreakOutFloat3Components.uasset" 401
"../../../Engine/Content/Functions/Engine_MaterialFunctions02/ExampleContent/DebugNumberStrip.uasset" 402
"../../../Engine/Content/Functions/Engine_MaterialFunctions02/ExampleContent/Textures/DebugNumberPeriod.uasset" 403
"../../../Engine/Content/Functions/Engine_MaterialFunctions02/Utility/DebugScalarValues.uasset" 404
"../../../Engine/Content/Functions/Engine_MaterialFunctions02/Utility/DebugFloat3Values.uasset" 405
"../../../Engine/Content/Functions/Engine_MaterialFunctions02/Utility/BreakOutFloat4Components.uasset" 406
"../../../Engine/Content/Functions/Engine_MaterialFunctions02/Utility/DebugFloat4Values.uasset" 407
"../../../Engine/Content/Functions/Engine_MaterialFunctions02/Normals/UnpackNormalFromFloat.uasset" 408
"../../../Engine/Content/Functions/Engine_MaterialFunctions02/ExampleContent/TextureBasedWPO/DemoBox.uasset" 409
"../../../Engine/Content/Functions/Engine_MaterialFunctions02/ExampleContent/TextureBasedWPO/DemoBox_Normals.uasset" 410
"../../../Engine/Content/Functions/Engine_MaterialFunctions02/MAXScripts/MS_VertexAnimationTools_MorphTargets.uasset" 411
"../../../../../Documents/Unreal Projects/LightsOut/Content/MeltingCandlesPack/AnimatedCandles/1/T_Candle1_morphs.uasset" 412
"../../../../../Documents/Unreal Projects/LightsOut/Content/MeltingCandlesPack/AnimatedCandles/1/T_Candle1_normals.uasset" 413
"../../../../../Documents/Unreal Projects/LightsOut/Content/MeltingCandlesPack/Materials/M_AnimCandleMain.uasset" 414
"../../../../../Documents/Unreal Projects/LightsOut/Content/MeltingCandlesPack/AnimatedCandles/1/MI_Anim_Candle1.uasset" 415
"../../../../../Documents/Unreal Projects/LightsOut/Content/MeltingCandlesPack/AnimatedCandles/1/SM_Candle_Anim_1.uasset" 416
"../../../../../Documents/Unreal Projects/LightsOut/Content/MeltingCandlesPack/AnimatedCandles/10/T_Candle10_morphs.uasset" 417
"../../../../../Documents/Unreal Projects/LightsOut/Content/MeltingCandlesPack/AnimatedCandles/10/T_Candle10_normals.uasset" 418
"../../../../../Documents/Unreal Projects/LightsOut/Content/MeltingCandlesPack/AnimatedCandles/10/MI_Anim_Candle10.uasset" 419
"../../../../../Documents/Unreal Projects/LightsOut/Content/MeltingCandlesPack/AnimatedCandles/10/SM_Candle_Anim_10.uasset" 420
"../../../../../Documents/Unreal Projects/LightsOut/Content/MeltingCandlesPack/AnimatedCandles/11/T_Candle11_morphs.uasset" 421
"../../../../../Documents/Unreal Projects/LightsOut/Content/MeltingCandlesPack/AnimatedCandles/11/T_Candle11_normals.uasset" 422
"../../../../../Documents/Unreal Projects/LightsOut/Content/MeltingCandlesPack/AnimatedCandles/11/MI_Anim_Candle11.uasset" 423
"../../../../../Documents/Unreal Projects/LightsOut/Content/MeltingCandlesPack/AnimatedCandles/11/SM_Candle_Anim_11.uasset" 424
"../../../../../Documents/Unreal Projects/LightsOut/Content/MeltingCandlesPack/AnimatedCandles/12/T_Candle12_morphs.uasset" 425
"../../../../../Documents/Unreal Projects/LightsOut/Content/MeltingCandlesPack/AnimatedCandles/12/T_Candle12_normals.uasset" 426
"../../../../../Documents/Unreal Projects/LightsOut/Content/MeltingCandlesPack/AnimatedCandles/12/MI_Anim_Candle12.uasset" 427
"../../../../../Documents/Unreal Projects/LightsOut/Content/MeltingCandlesPack/AnimatedCandles/12/SM_Candle_Anim_12.uasset" 428
"../../../../../Documents/Unreal Projects/LightsOut/Content/MeltingCandlesPack/AnimatedCandles/13/T_Candle13_morphs.uasset" 429
"../../../../../Documents/Unreal Projects/LightsOut/Content/MeltingCandlesPack/AnimatedCandles/13/T_Candle13_normals.uasset" 430
"../../../../../Documents/Unreal Projects/LightsOut/Content/MeltingCandlesPack/AnimatedCandles/13/MI_Anim_Candle13.uasset" 431
"../../../../../Documents/Unreal Projects/LightsOut/Content/MeltingCandlesPack/AnimatedCandles/13/SM_Candle_Anim_13.uasset" 432
"../../../../../Documents/Unreal Projects/LightsOut/Content/MeltingCandlesPack/AnimatedCandles/14/T_Candle14_morphs.uasset" 433
"../../../../../Documents/Unreal Projects/LightsOut/Content/MeltingCandlesPack/AnimatedCandles/14/T_Candle14_normals.uasset" 434
"../../../../../Documents/Unreal Projects/LightsOut/Content/MeltingCandlesPack/AnimatedCandles/14/MI_Anim_Candle14.uasset" 435
"../../../../../Documents/Unreal Projects/LightsOut/Content/MeltingCandlesPack/AnimatedCandles/14/SM_Candle_Anim_14.uasset" 436
"../../../../../Documents/Unreal Projects/LightsOut/Content/MeltingCandlesPack/AnimatedCandles/2/T_Candle2_morphs.uasset" 437
"../../../../../Documents/Unreal Projects/LightsOut/Content/MeltingCandlesPack/AnimatedCandles/2/T_Candle2_normals.uasset" 438
"../../../../../Documents/Unreal Projects/LightsOut/Content/MeltingCandlesPack/AnimatedCandles/2/MI_Anim_Candle2.uasset" 439
"../../../../../Documents/Unreal Projects/LightsOut/Content/MeltingCandlesPack/AnimatedCandles/2/SM_Candle_Anim_2.uasset" 440
"../../../../../Documents/Unreal Projects/LightsOut/Content/MeltingCandlesPack/AnimatedCandles/3/T_Candle3_morphs.uasset" 441
"../../../../../Documents/Unreal Projects/LightsOut/Content/MeltingCandlesPack/AnimatedCandles/3/T_Candle3_normals.uasset" 442
"../../../../../Documents/Unreal Projects/LightsOut/Content/MeltingCandlesPack/AnimatedCandles/3/MI_Anim_Candle3.uasset" 443
"../../../../../Documents/Unreal Projects/LightsOut/Content/MeltingCandlesPack/AnimatedCandles/3/SM_Candle_Anim_3.uasset" 444
"../../../../../Documents/Unreal Projects/LightsOut/Content/MeltingCandlesPack/AnimatedCandles/4/T_Candle4_morphs.uasset" 445
"../../../../../Documents/Unreal Projects/LightsOut/Content/MeltingCandlesPack/AnimatedCandles/4/T_Candle4_normals.uasset" 446
"../../../../../Documents/Unreal Projects/LightsOut/Content/MeltingCandlesPack/AnimatedCandles/4/MI_Anim_Candle4.uasset" 447
"../../../../../Documents/Unreal Projects/LightsOut/Content/MeltingCandlesPack/AnimatedCandles/4/SM_Candle_Anim_4.uasset" 448
"../../../../../Documents/Unreal Projects/LightsOut/Content/MeltingCandlesPack/AnimatedCandles/5/T_Candle5_morphs.uasset" 449
"../../../../../Documents/Unreal Projects/LightsOut/Content/MeltingCandlesPack/AnimatedCandles/5/T_Candle5_normals.uasset" 450
"../../../../../Documents/Unreal Projects/LightsOut/Content/MeltingCandlesPack/AnimatedCandles/5/MI_Anim_Candle5.uasset" 451
"../../../../../Documents/Unreal Projects/LightsOut/Content/MeltingCandlesPack/AnimatedCandles/5/SM_Candle_Anim_5.uasset" 452
"../../../../../Documents/Unreal Projects/LightsOut/Content/MeltingCandlesPack/AnimatedCandles/6/T_Candle6_morphs.uasset" 453
"../../../../../Documents/Unreal Projects/LightsOut/Content/MeltingCandlesPack/AnimatedCandles/6/T_Candle6_normals.uasset" 454
"../../../../../Documents/Unreal Projects/LightsOut/Content/MeltingCandlesPack/AnimatedCandles/6/MI_Anim_Candle6.uasset" 455
"../../../../../Documents/Unreal Projects/LightsOut/Content/MeltingCandlesPack/AnimatedCandles/6/SM_Candle_Anim_6.uasset" 456
"../../../../../Documents/Unreal Projects/LightsOut/Content/MeltingCandlesPack/AnimatedCandles/7/T_Candle7_morphs.uasset" 457
"../../../../../Documents/Unreal Projects/LightsOut/Content/MeltingCandlesPack/AnimatedCandles/7/T_Candle7_normals.uasset" 458
"../../../../../Documents/Unreal Projects/LightsOut/Content/MeltingCandlesPack/AnimatedCandles/7/MI_Anim_Candle7.uasset" 459
"../../../../../Documents/Unreal Projects/LightsOut/Content/MeltingCandlesPack/AnimatedCandles/7/SM_Candle_Anim_7.uasset" 460
"../../../../../Documents/Unreal Projects/LightsOut/Content/MeltingCandlesPack/AnimatedCandles/8/T_Candle8_morphs.uasset" 461
"../../../../../Documents/Unreal Projects/LightsOut/Content/MeltingCandlesPack/AnimatedCandles/8/T_Candle8_normals.uasset" 462
"../../../../../Documents/Unreal Projects/LightsOut/Content/MeltingCandlesPack/AnimatedCandles/8/MI_Anim_Candle8.uasset" 463
"../../../../../Documents/Unreal Projects/LightsOut/Content/MeltingCandlesPack/AnimatedCandles/8/SM_Candle_Anim_8.uasset" 464
"../../../../../Documents/Unreal Projects/LightsOut/Content/MeltingCandlesPack/AnimatedCandles/9/T_Candle9_morphs.uasset" 465
"../../../../../Documents/Unreal Projects/LightsOut/Content/MeltingCandlesPack/AnimatedCandles/9/T_Candle9_normals.uasset" 466
"../../../../../Documents/Unreal Projects/LightsOut/Content/MeltingCandlesPack/AnimatedCandles/9/MI_Anim_Candle9.uasset" 467
"../../../../../Documents/Unreal Projects/LightsOut/Content/MeltingCandlesPack/AnimatedCandles/9/SM_Candle_Anim_9.uasset" 468
"../../../../../Documents/Unreal Projects/LightsOut/Content/MeltingCandlesPack/Blueprint/BP_MeltingCandle.uasset" 469
"../../../../../Documents/Unreal Projects/LightsOut/Content/MeltingCandlesPack/Blueprint/BP_MeltingCandleWall.uasset" 470
"../../../../../Documents/Unreal Projects/LightsOut/Content/TestGameInstance.uasset" 471
"../../../../../Documents/Unreal Projects/LightsOut/Content/FirstPerson/Audio/FirstPersonTemplateWeaponFire02.uasset" 472
"../../../../../Documents/Unreal Projects/LightsOut/Content/FirstPersonBP/Blueprints/FirstPersonCharacter.uasset" 473
"../../../../../Documents/Unreal Projects/LightsOut/Content/StarterContent/Materials/M_Glass.uasset" 474
"../../../../../Documents/Unreal Projects/LightsOut/Content/StarterContent/Textures/T_Door_M.uasset" 475
"../../../../../Documents/Unreal Projects/LightsOut/Content/StarterContent/Textures/T_Door_N.uasset" 476
"../../../../../Documents/Unreal Projects/LightsOut/Content/StarterContent/Props/Materials/M_Door.uasset" 477
"../../../../../Documents/Unreal Projects/LightsOut/Content/StarterContent/Props/SM_Door.uasset" 478
"../../../../../Documents/Unreal Projects/LightsOut/Content/StarterContent/Textures/T_Frame_M.uasset" 479
"../../../../../Documents/Unreal Projects/LightsOut/Content/StarterContent/Textures/T_Frame_N.uasset" 480
"../../../../../Documents/Unreal Projects/LightsOut/Content/StarterContent/Props/Materials/M_Frame.uasset" 481
"../../../../../Documents/Unreal Projects/LightsOut/Content/StarterContent/Props/SM_DoorFrame.uasset" 482
"../../../../../Documents/Unreal Projects/LightsOut/Content/Blueprints/BP_Door.uasset" 483
"../../../../../Documents/Unreal Projects/LightsOut/Content/FirstPerson/Textures/FirstPersonCrosshair.uasset" 484
"../../../../../Documents/Unreal Projects/LightsOut/Content/FirstPersonBP/Blueprints/FirstPersonHUD.uasset" 485
"../../../../../Documents/Unreal Projects/LightsOut/Content/FirstPersonBP/Blueprints/FirstPersonGameMode.uasset" 486
"../../../../../Documents/Unreal Projects/LightsOut/Content/FirstPersonBP/Maps/FirstPersonExampleMap_BuiltData.uasset" 487
"../../../../../Documents/Unreal Projects/LightsOut/Content/FirstPerson/Meshes/CubeMaterialOverride.uasset" 488
"../../../../../Documents/Unreal Projects/LightsOut/Content/Geometry/Meshes/CubeMaterial.uasset" 489
"../../../../../Documents/Unreal Projects/LightsOut/Content/Geometry/Meshes/1M_Cube.uasset" 490
"../../../../../Documents/Unreal Projects/LightsOut/Content/StarterContent/Materials/M_Basic_Wall.uasset" 491
"../../../../../Documents/Unreal Projects/LightsOut/Content/StarterContent/Architecture/Wall_Door_400x400.uasset" 492
"../../../../../Documents/Unreal Projects/LightsOut/Content/FirstPersonBP/Maps/FirstPersonExampleMap.umap" 493
"../../../../../Documents/Unreal Projects/LightsOut/Content/UI/StartUI.uasset" 494
"../../../../../Documents/Unreal Projects/LightsOut/Content/Levels/Start.umap" 495
"../../../../../Documents/Unreal Projects/LightsOut/Content/UI/WinUI.uasset" 496
"../../../../../Documents/Unreal Projects/LightsOut/Content/Levels/Win.umap" 497
"../../../../../Documents/Unreal Projects/LightsOut/Content/UI/LoseUI.uasset" 498
"../../../../../Documents/Unreal Projects/LightsOut/Content/Levels/Lose.umap" 499
